[2023-03-15T14:21:51.938] [ERROR] default - Error al escribir el archivo: ValidationError: stock: Path `stock` is required., description: Path `description` is required., thumbnail: Path `thumbnail` is required., price: Path `price` is required., title: Path `title` is required., code: Path `code` is required.
[2023-03-15T14:23:45.951] [ERROR] default - Error al escribir el archivo: ValidationError: stock: Path `stock` is required., description: Path `description` is required., thumbnail: Path `thumbnail` is required., price: Path `price` is required., title: Path `title` is required., code: Path `code` is required.
[2023-03-15T14:31:23.210] [ERROR] default - Error al escribir el archivo: ValidationError: stock: Path `stock` is required., description: Path `description` is required., thumbnail: Path `thumbnail` is required., price: Path `price` is required., title: Path `title` is required., code: Path `code` is required.
[2023-03-15T14:52:23.356] [ERROR] default - Error al escribir el archivo: ValidationError: _id: Cast to ObjectId failed for value "x" (type string) at path "_id" because of "BSONTypeError", thumbnail: Path `thumbnail` is required.
[2023-03-15T14:53:37.828] [ERROR] default - Error al escribir el archivo: ValidationError: _id: Cast to ObjectId failed for value "x" (type string) at path "_id" because of "BSONTypeError", thumbnail: Path `thumbnail` is required.
[2023-03-15T14:55:30.776] [ERROR] default - Error al escribir el archivo: ValidationError: _id: Cast to ObjectId failed for value "x" (type string) at path "_id" because of "BSONTypeError", thumbnail: Path `thumbnail` is required.
[2023-03-15T14:58:19.365] [ERROR] default - Error al escribir el archivo: ValidationError: _id: Cast to ObjectId failed for value "x" (type string) at path "_id" because of "BSONTypeError", thumbnail: Path `thumbnail` is required.
[2023-03-15T15:01:19.086] [ERROR] default - Error al escribir el archivo: MongoServerError: E11000 duplicate key error collection: CoderDB.productos index: code_1 dup key: { code: 1111 }
[2023-03-15T15:01:34.798] [ERROR] default - Error al escribir el archivo: MongoServerError: E11000 duplicate key error collection: CoderDB.productos index: code_1 dup key: { code: 1111 }
[2023-03-15T15:01:48.443] [ERROR] default - Error al escribir el archivo: MongoServerError: E11000 duplicate key error collection: CoderDB.productos index: code_1 dup key: { code: 1111 }
[2023-03-15T15:07:44.599] [ERROR] default - Error al escribir el archivo: MongoServerError: E11000 duplicate key error collection: CoderDB.productos index: code_1 dup key: { code: 1111 }
[2023-03-15T15:08:16.861] [ERROR] default - Error al escribir el archivo: MongoServerError: E11000 duplicate key error collection: CoderDB.productos index: code_1 dup key: { code: 1111 }
[2023-03-15T15:12:00.897] [ERROR] default - Error al actualizar producto ReferenceError: ObjectId is not defined
[2023-03-15T15:17:30.709] [ERROR] default - Error al actualizar producto ReferenceError: ObjectId is not defined
[2023-03-15T15:19:37.802] [ERROR] default - Error al obtener producto: CastError: Cast to Number failed for value "NaN" (type number) at path "code" for model "productos"
[2023-03-15T15:19:37.802] [ERROR] default - Error al eliminar producto: ReferenceError: ObjectId is not defined
[2023-03-15T15:20:30.087] [ERROR] default - Error al obtener producto: CastError: Cast to Number failed for value "NaN" (type number) at path "code" for model "productos"
[2023-03-15T15:20:30.087] [ERROR] default - Error al eliminar producto: ReferenceError: ObjectId is not defined
[2023-03-15T15:24:41.885] [ERROR] default - Error al actualizar producto ReferenceError: ObjectId is not defined
[2023-03-15T15:28:42.021] [ERROR] default - Error al obtener producto: CastError: Cast to Number failed for value "NaN" (type number) at path "code" for model "productos"
[2023-03-15T15:28:42.023] [ERROR] default - Error al eliminar producto: CastError: Cast to Number failed for value "NaN" (type number) at path "code" for model "productos"
[2023-03-15T15:29:02.983] [ERROR] default - Error al obtener producto: CastError: Cast to Number failed for value "NaN" (type number) at path "code" for model "productos"
[2023-03-15T15:29:02.984] [ERROR] default - Error al eliminar producto: CastError: Cast to Number failed for value "NaN" (type number) at path "code" for model "productos"
[2023-04-17T18:48:42.648] [ERROR] default - Error: Invalid login: 535 Authentication failed
    at SMTPConnection._formatError (J:\Users\Santi\Desktop\Desafio 19\node_modules\nodemailer\lib\smtp-connection\index.js:790:19)
    at SMTPConnection._actionAUTHComplete (J:\Users\Santi\Desktop\Desafio 19\node_modules\nodemailer\lib\smtp-connection\index.js:1548:34)
    at SMTPConnection.<anonymous> (J:\Users\Santi\Desktop\Desafio 19\node_modules\nodemailer\lib\smtp-connection\index.js:546:26)
    at SMTPConnection._processResponse (J:\Users\Santi\Desktop\Desafio 19\node_modules\nodemailer\lib\smtp-connection\index.js:953:20)
    at SMTPConnection._onData (J:\Users\Santi\Desktop\Desafio 19\node_modules\nodemailer\lib\smtp-connection\index.js:755:14)
    at TLSSocket.SMTPConnection._onSocketData (J:\Users\Santi\Desktop\Desafio 19\node_modules\nodemailer\lib\smtp-connection\index.js:193:44)
    at TLSSocket.emit (node:events:527:28)
    at addChunk (node:internal/streams/readable:315:12)
    at readableAddChunk (node:internal/streams/readable:289:9)
    at TLSSocket.Readable.push (node:internal/streams/readable:228:10) {
  code: 'EAUTH',
  response: '535 Authentication failed',
  responseCode: 535,
  command: 'AUTH PLAIN'
}
[2023-04-18T19:33:02.819] [ERROR] default - Error al obtener producto: CastError: Cast to ObjectId failed for value "63" (type number) at path "_id" for model "productos"
[2023-04-18T19:33:03.076] [ERROR] default - Error al obtener producto: CastError: Cast to ObjectId failed for value "63" (type number) at path "_id" for model "productos"
[2023-04-18T19:42:46.097] [ERROR] default - Error al obtener producto: ReferenceError: mongoose is not defined
[2023-04-18T19:42:46.391] [ERROR] default - Error al obtener producto: ReferenceError: mongoose is not defined
[2023-04-18T19:42:49.936] [ERROR] default - Error al obtener producto: ReferenceError: mongoose is not defined
[2023-04-18T19:42:50.184] [ERROR] default - Error al obtener producto: ReferenceError: mongoose is not defined
[2023-04-18T19:42:51.899] [ERROR] default - Error al obtener producto: ReferenceError: mongoose is not defined
[2023-04-18T19:42:59.185] [ERROR] default - Error al obtener producto: ReferenceError: mongoose is not defined
[2023-04-18T19:42:59.473] [ERROR] default - Error al obtener producto: ReferenceError: mongoose is not defined
[2023-04-18T19:44:38.336] [ERROR] default - Error al obtener producto: CastError: Cast to ObjectId failed for value "63" (type number) at path "_id" for model "productos"
[2023-04-18T19:44:38.647] [ERROR] default - Error al obtener producto: CastError: Cast to ObjectId failed for value "63" (type number) at path "_id" for model "productos"
[2023-04-18T19:45:31.646] [ERROR] default - Error al obtener producto: CastError: Cast to ObjectId failed for value "63" (type number) at path "_id" for model "productos"
[2023-04-18T19:45:31.962] [ERROR] default - Error al obtener producto: CastError: Cast to ObjectId failed for value "63" (type number) at path "_id" for model "productos"
[2023-04-18T19:47:09.096] [ERROR] default - Error al obtener producto: CastError: Cast to ObjectId failed for value "63" (type string) at path "_id" for model "productos"
[2023-04-18T19:47:09.473] [ERROR] default - Error al obtener producto: CastError: Cast to ObjectId failed for value "63" (type string) at path "_id" for model "productos"
