[2023-02-21T16:46:11.567] [ERROR] default - Conexion fallida
[2023-02-21T16:49:27.240] [ERROR] default - Conexion fallida
[2023-02-21T16:49:30.102] [ERROR] default - Conexion fallida
[2023-02-21T16:50:05.214] [ERROR] default - Conexion fallida
[2023-02-21T16:50:35.431] [ERROR] default - Error al obtener producto: ReferenceError: ObjectId is not defined
[2023-02-21T16:50:42.574] [ERROR] default - Error al obtener producto: ReferenceError: ObjectId is not defined
[2023-02-21T16:50:42.574] [ERROR] default - Error al obtener producto: ReferenceError: ObjectId is not defined
[2023-02-21T16:50:42.575] [ERROR] default - Error al escribir el archivo: TypeError: this.model.insert is not a function
[2023-02-21T16:50:42.684] [ERROR] default - Error al obtener producto: ReferenceError: ObjectId is not defined
[2023-02-21T16:52:01.147] [ERROR] default - Conexion fallida
[2023-02-21T16:52:18.838] [ERROR] default - Error al obtener producto: ReferenceError: ObjectId is not defined
[2023-02-21T16:52:18.839] [ERROR] default - Error al obtener producto: ReferenceError: ObjectId is not defined
[2023-02-21T16:52:18.839] [ERROR] default - Error al escribir el archivo: TypeError: this.model.insert is not a function
[2023-02-21T16:52:20.119] [ERROR] default - Error al obtener producto: ReferenceError: ObjectId is not defined
[2023-02-21T16:52:30.662] [ERROR] default - Conexion fallida
[2023-02-21T16:53:17.028] [ERROR] default - Error al obtener producto: ReferenceError: ObjectId is not defined
[2023-02-21T16:53:17.029] [ERROR] default - Error al obtener producto: ReferenceError: ObjectId is not defined
[2023-02-21T16:53:17.030] [ERROR] default - Error al escribir el archivo: TypeError: this.model.insert is not a function
[2023-02-21T16:53:17.813] [ERROR] default - Error al obtener producto: ReferenceError: ObjectId is not defined
[2023-02-21T16:53:37.314] [ERROR] default - Conexion fallida
[2023-02-21T16:53:47.633] [ERROR] default - Error al obtener producto: ReferenceError: ObjectId is not defined
[2023-02-21T16:53:53.432] [ERROR] default - Error al obtener producto: ReferenceError: ObjectId is not defined
[2023-02-21T16:53:53.433] [ERROR] default - Error al obtener producto: ReferenceError: ObjectId is not defined
[2023-02-21T16:53:53.435] [ERROR] default - Error al escribir el archivo: TypeError: this.model.insert is not a function
[2023-02-21T16:53:54.145] [ERROR] default - Error al obtener producto: ReferenceError: ObjectId is not defined
[2023-02-21T17:19:57.792] [ERROR] default - Conexion fallida
[2023-02-21T17:20:32.091] [ERROR] default - Error al obtener producto: ReferenceError: ObjectId is not defined
[2023-02-21T17:20:32.093] [ERROR] default - Error al escribir el archivo: ReferenceError: ObjectId is not defined
[2023-02-21T17:21:03.956] [ERROR] default - Conexion fallida
[2023-02-21T17:21:10.675] [ERROR] default - Error al obtener producto: ReferenceError: ObjectId is not defined
[2023-02-21T17:21:10.676] [ERROR] default - Error al escribir el archivo: ReferenceError: ObjectId is not defined
[2023-02-21T17:21:44.931] [ERROR] default - Conexion fallida
[2023-02-21T17:22:22.260] [ERROR] default - Conexion fallida
[2023-02-21T17:22:27.770] [ERROR] default - Error al obtener producto: CastError: Cast to ObjectId failed for value "63" (type number) at path "_id" for model "productos"
[2023-02-21T17:22:27.772] [ERROR] default - Error al escribir el archivo: ReferenceError: ObjectId is not defined
[2023-02-21T17:23:20.040] [ERROR] default - Conexion fallida
[2023-02-21T17:23:24.470] [ERROR] default - Error al obtener producto: CastError: Cast to ObjectId failed for value "63" (type number) at path "_id" for model "productos"
[2023-02-21T17:23:24.473] [ERROR] default - Error al escribir el archivo: ReferenceError: ObjectId is not defined
[2023-02-21T17:31:48.693] [ERROR] default - Conexion fallida
[2023-02-21T17:32:06.149] [ERROR] default - Conexion fallida
[2023-02-21T17:32:30.687] [ERROR] default - Error al escribir el archivo: ReferenceError: ObjectId is not defined
[2023-02-21T17:33:10.987] [ERROR] default - Conexion fallida
[2023-02-21T17:33:18.524] [ERROR] default - Error al escribir el archivo: ReferenceError: ObjectId is not defined
[2023-02-21T17:33:38.930] [ERROR] default - Conexion fallida
[2023-02-21T17:33:42.275] [ERROR] default - Error al escribir el archivo: TypeError: Cannot read properties of undefined (reading 'push')
[2023-02-21T17:34:09.850] [ERROR] default - Conexion fallida
[2023-02-21T17:34:13.493] [ERROR] default - Error al escribir el archivo: TypeError: Cannot read properties of undefined (reading 'push')
[2023-02-21T17:34:30.690] [ERROR] default - Conexion fallida
[2023-02-21T17:35:25.030] [ERROR] default - Conexion fallida
[2023-02-21T17:35:53.076] [ERROR] default - Conexion fallida
[2023-02-21T17:36:10.532] [ERROR] default - Error al escribir el archivo: TypeError: Cannot read properties of undefined (reading 'push')
[2023-02-21T17:36:30.964] [ERROR] default - Conexion fallida
[2023-02-21T17:36:42.770] [ERROR] default - Conexion fallida
[2023-02-21T17:36:52.618] [ERROR] default - Error al escribir el archivo: TypeError: Cannot read properties of undefined (reading 'push')
[2023-02-21T17:39:59.131] [ERROR] default - Conexion fallida
[2023-02-21T17:40:11.072] [ERROR] default - Error al escribir el archivo: TypeError: Cannot read properties of undefined (reading 'push')
[2023-02-21T17:40:37.420] [ERROR] default - Conexion fallida
[2023-02-21T17:40:54.753] [ERROR] default - Conexion fallida
[2023-02-21T17:41:49.817] [ERROR] default - Error al escribir el archivo: MongooseError: Query was already executed: carrito.findOne({ id: '63f51fe89f7cecc7733e36fe' })
[2023-02-21T17:44:39.776] [ERROR] default - Conexion fallida
[2023-02-21T17:44:44.875] [ERROR] default - Conexion fallida
[2023-02-21T17:44:48.928] [ERROR] default - Error al escribir el archivo: MongooseError: Query was already executed: carrito.findOne({ id: '63f51fe89f7cecc7733e36fe' })
[2023-02-21T17:45:25.391] [ERROR] default - Conexion fallida
[2023-02-21T17:45:52.243] [ERROR] default - Error al escribir el archivo: MongooseError: Query was already executed: carrito.findOne({ id: '63f51fe89f7cecc7733e36fe' })
[2023-02-21T17:46:28.568] [ERROR] default - Conexion fallida
[2023-02-21T17:46:47.874] [ERROR] default - Error al escribir el archivo: MongooseError: Query was already executed: carrito.findOne({ id: '63f51fe89f7cecc7733e36fe' })
[2023-02-21T17:47:43.583] [ERROR] default - Conexion fallida
[2023-02-21T17:47:58.271] [ERROR] default - Error al escribir el archivo: MongooseError: Query was already executed: carrito.findOne({ id: '63f51fe89f7cecc7733e36fe' })
[2023-02-21T17:48:39.481] [ERROR] default - Conexion fallida
[2023-02-21T17:48:44.118] [ERROR] default - Conexion fallida
[2023-02-21T17:48:52.867] [ERROR] default - Error al escribir el archivo: MongooseError: Query was already executed: carrito.findOne({ id: '63f51fe89f7cecc7733e36fe' })
[2023-02-21T17:49:25.767] [ERROR] default - Conexion fallida
[2023-02-21T17:50:04.545] [ERROR] default - Conexion fallida
[2023-02-21T17:50:09.407] [ERROR] default - Error al escribir el archivo: MongooseError: Query was already executed: carrito.findOne({ id: '63f51fe89f7cecc7733e36fe' })
[2023-02-21T17:50:25.032] [ERROR] default - Conexion fallida
[2023-02-21T17:50:33.379] [ERROR] default - Error al escribir el archivo: MongooseError: Query was already executed: carrito.findOne({ id: '63f51fe89f7cecc7733e36fe' })
[2023-02-21T17:51:05.924] [ERROR] default - Conexion fallida
[2023-02-21T17:51:24.300] [ERROR] default - Conexion fallida
[2023-02-21T17:51:30.787] [ERROR] default - Error al escribir el archivo: MongooseError: Query was already executed: carrito.findOne({ id: '63f51fe89f7cecc7733e36fe' })
[2023-02-21T17:52:26.655] [ERROR] default - Conexion fallida
[2023-02-21T17:52:40.579] [ERROR] default - Conexion fallida
[2023-02-21T17:52:48.936] [ERROR] default - Error al escribir el archivo: MongooseError: Query was already executed: carrito.findOne({ id: '63f51fe89f7cecc7733e36fe' })
[2023-02-21T17:53:27.641] [ERROR] default - Conexion fallida
[2023-02-21T17:53:35.353] [ERROR] default - Conexion fallida
[2023-02-21T17:53:41.728] [ERROR] default - Error al escribir el archivo: TypeError: this.model.insert is not a function
[2023-02-21T17:54:13.699] [ERROR] default - Conexion fallida
[2023-02-21T17:54:17.963] [ERROR] default - Error al escribir el archivo: TypeError: this.model.insert is not a function
[2023-02-21T17:55:11.198] [ERROR] default - Conexion fallida
[2023-02-21T17:55:44.874] [ERROR] default - Conexion fallida
[2023-02-21T17:55:54.085] [ERROR] default - Conexion fallida
[2023-02-21T17:56:03.522] [ERROR] default - Error al escribir el archivo: TypeError: this.model.insert is not a function
[2023-02-21T17:58:22.665] [ERROR] default - Conexion fallida
[2023-02-21T17:59:08.175] [ERROR] default - Conexion fallida
[2023-02-21T17:59:18.904] [ERROR] default - Error al escribir el archivo: TypeError: this.model.save is not a function
[2023-02-21T17:59:33.022] [ERROR] default - Conexion fallida
[2023-02-21T17:59:36.669] [ERROR] default - Error al escribir el archivo: TypeError: this.model.insertOne is not a function
[2023-02-21T18:01:14.619] [ERROR] default - Conexion fallida
[2023-02-21T18:02:21.155] [ERROR] default - Conexion fallida
[2023-02-21T18:02:27.020] [ERROR] default - Conexion fallida
[2023-02-21T18:02:57.871] [ERROR] default - Conexion fallida
[2023-02-21T18:04:35.474] [ERROR] default - Conexion fallida
[2023-02-21T18:14:54.768] [ERROR] default - Error al escribir el archivo: TypeError: this.model.insert is not a function
[2023-02-21T18:16:55.592] [ERROR] default - Error al escribir el archivo: ValidationError: code: Path `code` is required.
[2023-02-21T18:37:24.663] [ERROR] default - Error al escribir el archivo: MongooseError: Query was already executed: carrito.findOne({ id: '63f3fe6771081ce976c4065d' })
[2023-02-21T18:41:41.783] [ERROR] default - Error al escribir el archivo: MongooseError: Query was already executed: carrito.findOne({ id: '63f3fe6771081ce976c4065d' })
[2023-02-21T18:42:33.980] [ERROR] default - Error al escribir el archivo: MongooseError: Query was already executed: carrito.findOne({ id: '63f3fe6771081ce976c4065d' })
[2023-02-21T18:46:12.825] [ERROR] default - Error al escribir el archivo: MongooseError: Query was already executed: carrito.findOne({ id: '63f3fe6771081ce976c4065d' })
[2023-02-21T18:48:40.910] [ERROR] default - Error al escribir el archivo: MongooseError: Query was already executed: carrito.findOne({ id: '63f3fe6771081ce976c4065d' })
[2023-02-21T18:52:44.097] [ERROR] default - Error al escribir el archivo: TypeError: cart.clone is not a function
[2023-02-21T19:29:53.869] [ERROR] default - Error al actualizar producto ReferenceError: ObjectId is not defined
[2023-02-21T19:36:46.573] [ERROR] default - Error al eliminar producto: ReferenceError: newStock is not defined
[2023-02-21T19:38:25.151] [ERROR] default - Error al eliminar producto: ReferenceError: newStock is not defined
[2023-02-21T19:39:26.985] [ERROR] default - Error al eliminar producto: ReferenceError: newStock is not defined
[2023-02-21T19:40:55.945] [ERROR] default - Error al eliminar producto: TypeError: carrito.productos is not iterable
[2023-02-21T19:42:13.084] [ERROR] default - Error al eliminar producto: TypeError: carrito.productos is not iterable
[2023-02-21T19:42:43.702] [ERROR] default - Error al eliminar producto: ReferenceError: newStock is not defined
[2023-02-21T19:43:34.903] [ERROR] default - Error al eliminar producto: ReferenceError: newStock is not defined
[2023-02-22T17:57:45.337] [WARN] default - Usuario ya existente con este email: santidd11@gmail.com
[2023-02-22T18:04:39.523] [ERROR] default - [Function: next]
